# Logfile created on 2014-01-03 14:53:42 -0800 by logger.rb/41954
I, [2014-01-03T14:53:42.843701 #6777]  INFO -- : 0:  blankslate (2.1.2.4) from /Users/jcheng/.rvm/gems/ruby-2.0.0-p353/specifications/blankslate-2.1.2.4.gemspec
I, [2014-01-03T14:53:43.433231 #6777]  INFO -- : 0:  fast-stemmer (1.0.2) from /Users/jcheng/.rvm/gems/ruby-2.0.0-p353/specifications/fast-stemmer-1.0.2.gemspec
I, [2014-01-03T14:53:44.385266 #6777]  INFO -- : 0:  classifier (1.3.4) from /Users/jcheng/.rvm/gems/ruby-2.0.0-p353/specifications/classifier-1.3.4.gemspec
I, [2014-01-03T14:53:44.693977 #6777]  INFO -- : 0:  colorator (0.1) from /Users/jcheng/.rvm/gems/ruby-2.0.0-p353/specifications/colorator-0.1.gemspec
I, [2014-01-03T14:53:45.168981 #6777]  INFO -- : 0:  highline (1.6.20) from /Users/jcheng/.rvm/gems/ruby-2.0.0-p353/specifications/highline-1.6.20.gemspec
I, [2014-01-03T14:53:45.537092 #6777]  INFO -- : 0:  commander (4.1.5) from /Users/jcheng/.rvm/gems/ruby-2.0.0-p353/specifications/commander-4.1.5.gemspec
I, [2014-01-03T14:53:50.955000 #6777]  INFO -- : 0:  ffi (1.9.3) from /Users/jcheng/.rvm/gems/ruby-2.0.0-p353/specifications/ffi-1.9.3.gemspec
I, [2014-01-03T14:53:51.712919 #6777]  INFO -- : 0:  liquid (2.5.4) from /Users/jcheng/.rvm/gems/ruby-2.0.0-p353/specifications/liquid-2.5.4.gemspec
I, [2014-01-03T14:53:52.101969 #6777]  INFO -- : 0:  rb-fsevent (0.9.4) from /Users/jcheng/.rvm/gems/ruby-2.0.0-p353/specifications/rb-fsevent-0.9.4.gemspec
I, [2014-01-03T14:53:52.401787 #6777]  INFO -- : 0:  rb-inotify (0.9.3) from /Users/jcheng/.rvm/gems/ruby-2.0.0-p353/specifications/rb-inotify-0.9.3.gemspec
I, [2014-01-03T14:53:53.211918 #6777]  INFO -- : 0:  rb-kqueue (0.2.0) from /Users/jcheng/.rvm/gems/ruby-2.0.0-p353/specifications/rb-kqueue-0.2.0.gemspec
I, [2014-01-03T14:53:53.529423 #6777]  INFO -- : 0:  listen (1.3.1) from /Users/jcheng/.rvm/gems/ruby-2.0.0-p353/specifications/listen-1.3.1.gemspec
I, [2014-01-03T14:53:54.040020 #6777]  INFO -- : 0:  maruku (0.7.0) from /Users/jcheng/.rvm/gems/ruby-2.0.0-p353/specifications/maruku-0.7.0.gemspec
I, [2014-01-03T14:53:54.600790 #6777]  INFO -- : 0:  posix-spawn (0.3.8) from /Users/jcheng/.rvm/gems/ruby-2.0.0-p353/specifications/posix-spawn-0.3.8.gemspec
I, [2014-01-03T14:53:56.740286 #6777]  INFO -- : 0:  yajl-ruby (1.1.0) from /Users/jcheng/.rvm/gems/ruby-2.0.0-p353/specifications/yajl-ruby-1.1.0.gemspec
I, [2014-01-03T14:53:57.716254 #6777]  INFO -- : 0:  pygments.rb (0.5.4) from /Users/jcheng/.rvm/gems/ruby-2.0.0-p353/specifications/pygments.rb-0.5.4.gemspec
I, [2014-01-03T14:53:59.789379 #6777]  INFO -- : 0:  redcarpet (2.3.0) from /Users/jcheng/.rvm/gems/ruby-2.0.0-p353/specifications/redcarpet-2.3.0.gemspec
I, [2014-01-03T14:54:00.136045 #6777]  INFO -- : 0:  safe_yaml (0.9.7) from /Users/jcheng/.rvm/gems/ruby-2.0.0-p353/specifications/safe_yaml-0.9.7.gemspec
I, [2014-01-03T14:54:01.010411 #6777]  INFO -- : 0:  parslet (1.5.0) from /Users/jcheng/.rvm/gems/ruby-2.0.0-p353/specifications/parslet-1.5.0.gemspec
I, [2014-01-03T14:54:01.365976 #6777]  INFO -- : 0:  toml (0.1.0) from /Users/jcheng/.rvm/gems/ruby-2.0.0-p353/specifications/toml-0.1.0.gemspec
I, [2014-01-03T14:54:02.031226 #6777]  INFO -- : 0:  jekyll (1.4.2) from /Users/jcheng/.rvm/gems/ruby-2.0.0-p353/specifications/jekyll-1.4.2.gemspec
I, [2014-01-03T14:54:02.031637 #6777]  INFO -- : 0:  bundler (1.5.1) from /Users/jcheng/.rvm/gems/ruby-2.0.0-p353/specifications/bundler-1.5.1.gemspec
I, [2014-01-03T14:55:57.301434 #7674]  INFO -- : 0:  blankslate (2.1.2.4) from /Users/jcheng/.rvm/gems/ruby-2.0.0-p353/specifications/blankslate-2.1.2.4.gemspec
I, [2014-01-03T14:55:57.301827 #7674]  INFO -- : 0:  fast-stemmer (1.0.2) from /Users/jcheng/.rvm/gems/ruby-2.0.0-p353/specifications/fast-stemmer-1.0.2.gemspec
I, [2014-01-03T14:55:57.302062 #7674]  INFO -- : 0:  classifier (1.3.4) from /Users/jcheng/.rvm/gems/ruby-2.0.0-p353/specifications/classifier-1.3.4.gemspec
I, [2014-01-03T14:55:57.302297 #7674]  INFO -- : 0:  colorator (0.1) from /Users/jcheng/.rvm/gems/ruby-2.0.0-p353/specifications/colorator-0.1.gemspec
I, [2014-01-03T14:55:57.302514 #7674]  INFO -- : 0:  highline (1.6.20) from /Users/jcheng/.rvm/gems/ruby-2.0.0-p353/specifications/highline-1.6.20.gemspec
I, [2014-01-03T14:55:57.302750 #7674]  INFO -- : 0:  commander (4.1.5) from /Users/jcheng/.rvm/gems/ruby-2.0.0-p353/specifications/commander-4.1.5.gemspec
I, [2014-01-03T14:55:57.302964 #7674]  INFO -- : 0:  ffi (1.9.3) from /Users/jcheng/.rvm/gems/ruby-2.0.0-p353/specifications/ffi-1.9.3.gemspec
I, [2014-01-03T14:55:57.303175 #7674]  INFO -- : 0:  liquid (2.5.4) from /Users/jcheng/.rvm/gems/ruby-2.0.0-p353/specifications/liquid-2.5.4.gemspec
I, [2014-01-03T14:55:57.303386 #7674]  INFO -- : 0:  rb-fsevent (0.9.4) from /Users/jcheng/.rvm/gems/ruby-2.0.0-p353/specifications/rb-fsevent-0.9.4.gemspec
I, [2014-01-03T14:55:57.303596 #7674]  INFO -- : 0:  rb-inotify (0.9.3) from /Users/jcheng/.rvm/gems/ruby-2.0.0-p353/specifications/rb-inotify-0.9.3.gemspec
I, [2014-01-03T14:55:57.303802 #7674]  INFO -- : 0:  rb-kqueue (0.2.0) from /Users/jcheng/.rvm/gems/ruby-2.0.0-p353/specifications/rb-kqueue-0.2.0.gemspec
I, [2014-01-03T14:55:57.304014 #7674]  INFO -- : 0:  listen (1.3.1) from /Users/jcheng/.rvm/gems/ruby-2.0.0-p353/specifications/listen-1.3.1.gemspec
I, [2014-01-03T14:55:57.304220 #7674]  INFO -- : 0:  maruku (0.7.0) from /Users/jcheng/.rvm/gems/ruby-2.0.0-p353/specifications/maruku-0.7.0.gemspec
I, [2014-01-03T14:55:57.304425 #7674]  INFO -- : 0:  posix-spawn (0.3.8) from /Users/jcheng/.rvm/gems/ruby-2.0.0-p353/specifications/posix-spawn-0.3.8.gemspec
I, [2014-01-03T14:55:57.304633 #7674]  INFO -- : 0:  yajl-ruby (1.1.0) from /Users/jcheng/.rvm/gems/ruby-2.0.0-p353/specifications/yajl-ruby-1.1.0.gemspec
I, [2014-01-03T14:55:57.304837 #7674]  INFO -- : 0:  pygments.rb (0.5.4) from /Users/jcheng/.rvm/gems/ruby-2.0.0-p353/specifications/pygments.rb-0.5.4.gemspec
I, [2014-01-03T14:55:57.305038 #7674]  INFO -- : 0:  redcarpet (2.3.0) from /Users/jcheng/.rvm/gems/ruby-2.0.0-p353/specifications/redcarpet-2.3.0.gemspec
I, [2014-01-03T14:55:57.305246 #7674]  INFO -- : 0:  safe_yaml (0.9.7) from /Users/jcheng/.rvm/gems/ruby-2.0.0-p353/specifications/safe_yaml-0.9.7.gemspec
I, [2014-01-03T14:55:57.305448 #7674]  INFO -- : 0:  parslet (1.5.0) from /Users/jcheng/.rvm/gems/ruby-2.0.0-p353/specifications/parslet-1.5.0.gemspec
I, [2014-01-03T14:55:57.305655 #7674]  INFO -- : 0:  toml (0.1.0) from /Users/jcheng/.rvm/gems/ruby-2.0.0-p353/specifications/toml-0.1.0.gemspec
I, [2014-01-03T14:55:57.305858 #7674]  INFO -- : 0:  jekyll (1.4.2) from /Users/jcheng/.rvm/gems/ruby-2.0.0-p353/specifications/jekyll-1.4.2.gemspec
I, [2014-01-03T14:55:58.006611 #7674]  INFO -- : 0:  kramdown (1.3.0) from /Users/jcheng/.rvm/gems/ruby-2.0.0-p353/specifications/kramdown-1.3.0.gemspec
I, [2014-01-03T14:55:58.006911 #7674]  INFO -- : 0:  bundler (1.5.1) from /Users/jcheng/.rvm/gems/ruby-2.0.0-p353/specifications/bundler-1.5.1.gemspec
I, [2014-01-06T12:47:39.713949 #2183]  INFO -- : 0:  blankslate (2.1.2.4) from /Users/jcheng/.rvm/gems/ruby-1.9.3-p484/specifications/blankslate-2.1.2.4.gemspec
I, [2014-01-06T12:47:41.684462 #2183]  INFO -- : 0:  fast-stemmer (1.0.2) from /Users/jcheng/.rvm/gems/ruby-1.9.3-p484/specifications/fast-stemmer-1.0.2.gemspec
I, [2014-01-06T12:47:42.609272 #2183]  INFO -- : 0:  classifier (1.3.4) from /Users/jcheng/.rvm/gems/ruby-1.9.3-p484/specifications/classifier-1.3.4.gemspec
I, [2014-01-06T12:47:42.931611 #2183]  INFO -- : 0:  colorator (0.1) from /Users/jcheng/.rvm/gems/ruby-1.9.3-p484/specifications/colorator-0.1.gemspec
I, [2014-01-06T12:47:43.383535 #2183]  INFO -- : 0:  highline (1.6.20) from /Users/jcheng/.rvm/gems/ruby-1.9.3-p484/specifications/highline-1.6.20.gemspec
I, [2014-01-06T12:47:43.751530 #2183]  INFO -- : 0:  commander (4.1.5) from /Users/jcheng/.rvm/gems/ruby-1.9.3-p484/specifications/commander-4.1.5.gemspec
I, [2014-01-06T12:47:48.869617 #2183]  INFO -- : 0:  ffi (1.9.3) from /Users/jcheng/.rvm/gems/ruby-1.9.3-p484/specifications/ffi-1.9.3.gemspec
I, [2014-01-06T12:47:49.272120 #2183]  INFO -- : 0:  liquid (2.5.4) from /Users/jcheng/.rvm/gems/ruby-1.9.3-p484/specifications/liquid-2.5.4.gemspec
I, [2014-01-06T12:47:49.680796 #2183]  INFO -- : 0:  rb-fsevent (0.9.4) from /Users/jcheng/.rvm/gems/ruby-1.9.3-p484/specifications/rb-fsevent-0.9.4.gemspec
I, [2014-01-06T12:47:50.009602 #2183]  INFO -- : 0:  rb-inotify (0.9.3) from /Users/jcheng/.rvm/gems/ruby-1.9.3-p484/specifications/rb-inotify-0.9.3.gemspec
I, [2014-01-06T12:47:50.873978 #2183]  INFO -- : 0:  rb-kqueue (0.2.0) from /Users/jcheng/.rvm/gems/ruby-1.9.3-p484/specifications/rb-kqueue-0.2.0.gemspec
I, [2014-01-06T12:47:51.191871 #2183]  INFO -- : 0:  listen (1.3.1) from /Users/jcheng/.rvm/gems/ruby-1.9.3-p484/specifications/listen-1.3.1.gemspec
I, [2014-01-06T12:47:51.659706 #2183]  INFO -- : 0:  maruku (0.7.0) from /Users/jcheng/.rvm/gems/ruby-1.9.3-p484/specifications/maruku-0.7.0.gemspec
I, [2014-01-06T12:47:52.293420 #2183]  INFO -- : 0:  posix-spawn (0.3.8) from /Users/jcheng/.rvm/gems/ruby-1.9.3-p484/specifications/posix-spawn-0.3.8.gemspec
I, [2014-01-06T12:47:54.332132 #2183]  INFO -- : 0:  yajl-ruby (1.1.0) from /Users/jcheng/.rvm/gems/ruby-1.9.3-p484/specifications/yajl-ruby-1.1.0.gemspec
I, [2014-01-06T12:47:55.424097 #2183]  INFO -- : 0:  pygments.rb (0.5.4) from /Users/jcheng/.rvm/gems/ruby-1.9.3-p484/specifications/pygments.rb-0.5.4.gemspec
I, [2014-01-06T12:47:57.476604 #2183]  INFO -- : 0:  redcarpet (2.3.0) from /Users/jcheng/.rvm/gems/ruby-1.9.3-p484/specifications/redcarpet-2.3.0.gemspec
I, [2014-01-06T12:47:57.836031 #2183]  INFO -- : 0:  safe_yaml (0.9.7) from /Users/jcheng/.rvm/gems/ruby-1.9.3-p484/specifications/safe_yaml-0.9.7.gemspec
I, [2014-01-06T12:47:58.696409 #2183]  INFO -- : 0:  parslet (1.5.0) from /Users/jcheng/.rvm/gems/ruby-1.9.3-p484/specifications/parslet-1.5.0.gemspec
I, [2014-01-06T12:47:59.063703 #2183]  INFO -- : 0:  toml (0.1.0) from /Users/jcheng/.rvm/gems/ruby-1.9.3-p484/specifications/toml-0.1.0.gemspec
I, [2014-01-06T12:47:59.873566 #2183]  INFO -- : 0:  jekyll (1.4.2) from /Users/jcheng/.rvm/gems/ruby-1.9.3-p484/specifications/jekyll-1.4.2.gemspec
I, [2014-01-06T12:48:00.436445 #2183]  INFO -- : 0:  kramdown (1.3.0) from /Users/jcheng/.rvm/gems/ruby-1.9.3-p484/specifications/kramdown-1.3.0.gemspec
I, [2014-01-06T12:48:00.436803 #2183]  INFO -- : 0:  bundler (1.5.1) from /Users/jcheng/.rvm/gems/ruby-1.9.3-p484@global/specifications/bundler-1.5.1.gemspec
